{"endpoint":"/todo","error_code":400,"ip":"::1","level":"info","method":"GET","query":{},"timestamp":"2024-04-04T18:08:01.840Z"}
{"endpoint":"/todo","error_code":400,"ip":"::1","level":"info","method":"GET","query":{},"timestamp":"2024-04-04T18:08:05.657Z"}
{"endpoint":"/todo","error_code":400,"ip":"::1","level":"info","method":"GET","query":{},"timestamp":"2024-04-04T18:11:26.176Z"}
{"endpoint":"/","error_code":400,"ip":"::1","level":"info","method":"GET","query":{},"timestamp":"2024-04-04T18:27:12.531Z"}
{"endpoint":"/","error_code":400,"ip":"::1","level":"info","method":"POST","query":{},"timestamp":"2024-04-04T18:34:43.286Z"}
{"endpoint":"/","error_code":400,"ip":"::1","level":"info","method":"POST","query":{},"timestamp":"2024-04-04T18:34:50.118Z"}
{"body":{"list":[{"todo":"wash car"},{"todo":"buy groceries"},{"todo":"wash laundry"},{"todo":"clean house"},{"todo":"rake leaves"},{"todo":"cut grass"},{"todo":"meal prep"},{"todo":"check on Nephew"}]},"endpoint":"/todo","ip":"::1","level":"info","method":"POST","path_paramters":{"0":"todo"},"query_parameters":{},"timestamp":"2024-04-05T14:23:08.570Z"}
{"body":{"todos":"go to the store"},"endpoint":"/todo","ip":"::1","level":"info","method":"GET","path_paramters":{"0":"todo"},"query_parameters":{},"timestamp":"2024-04-05T14:23:12.819Z"}
{"body":{"todos":"go to the store"},"endpoint":"/todo","error":400,"ip":"::1","level":"info","message":"Request body is not permitted","method":"GET","path_paramters":{},"query_parameters":{},"timestamp":"2024-04-05T14:23:12.820Z"}
{"body":{"list":[{"todo":"wash car"},{"todo":"buy groceries"},{"todo":"wash laundry"},{"todo":"clean house"},{"todo":"rake leaves"},{"todo":"cut grass"},{"todo":"meal prep"},{"todo":"check on Nephew"}]},"endpoint":"/todo","ip":"::1","level":"info","method":"POST","path_paramters":{"0":"todo"},"query_parameters":{},"timestamp":"2024-04-05T14:23:42.874Z"}
{"body":{"todos":"go to the store"},"endpoint":"/todo","ip":"::1","level":"info","method":"GET","path_paramters":{"0":"todo"},"query_parameters":{},"timestamp":"2024-04-05T14:23:51.082Z"}
{"body":{"todos":"go to the store"},"endpoint":"/todo","error":400,"ip":"::1","level":"info","message":"Request body is not permitted","method":"GET","path_paramters":{},"query_parameters":{},"timestamp":"2024-04-05T14:23:51.083Z"}
{"body":{"list":[{"todo":"wash car"},{"todo":"buy groceries"},{"todo":"wash laundry"},{"todo":"clean house"},{"todo":"rake leaves"},{"todo":"cut grass"},{"todo":"meal prep"},{"todo":"check on Nephew"}]},"endpoint":"/todo","ip":"::1","level":"info","method":"POST","path_paramters":{"0":"todo"},"query_parameters":{},"timestamp":"2024-04-05T14:25:18.168Z"}
{"body":{},"endpoint":"/todo","ip":"::1","level":"info","method":"GET","path_paramters":{"0":"todo"},"query_parameters":{},"timestamp":"2024-04-05T14:25:32.999Z"}
{"body":{},"endpoint":"/todo/9","ip":"::1","level":"info","method":"DELETE","path_paramters":{"0":"todo/9"},"query_parameters":{},"timestamp":"2024-04-05T14:40:59.978Z"}
{"body":{},"endpoint":"/todo/9","error":400,"ip":"::1","level":"info","message":"error: invalid Parameters ID","method":"DELETE","path_paramters":{"id":"9"},"query_parameters":{},"timestamp":"2024-04-05T14:40:59.980Z"}
{"body":{"list":[{"todo":"wash car"},{"todo":"buy groceries"},{"todo":"wash laundry"},{"todo":"clean house"},{"todo":"rake leaves"},{"todo":"cut grass"},{"todo":"meal prep"},{"todo":"check on Nephew"}]},"endpoint":"/todo","ip":"::1","level":"info","method":"POST","path_paramters":{"0":"todo"},"query_parameters":{},"timestamp":"2024-04-05T14:57:30.714Z"}
{"body":{},"endpoint":"/todo","ip":"::1","level":"info","method":"GET","path_paramters":{"0":"todo"},"query_parameters":{},"timestamp":"2024-04-05T14:57:36.812Z"}
{"body":{},"endpoint":"/todo/9","ip":"::1","level":"info","method":"DELETE","path_paramters":{"0":"todo/9"},"query_parameters":{},"timestamp":"2024-04-05T14:57:44.064Z"}
{"body":{},"endpoint":"/todo/9","error":400,"ip":"::1","level":"info","message":"error: invalid Parameters ID","method":"DELETE","path_paramters":{"id":"9"},"query_parameters":{},"timestamp":"2024-04-05T14:57:44.066Z"}
{"body":{},"endpoint":"/todo/8","ip":"::1","level":"info","method":"DELETE","path_paramters":{"0":"todo/8"},"query_parameters":{},"timestamp":"2024-04-05T14:57:49.028Z"}
{"body":{},"endpoint":"/todo/8","ip":"::1","level":"info","method":"DELETE","path_paramters":{"0":"todo/8"},"query_parameters":{},"timestamp":"2024-04-05T14:58:01.275Z"}
{"body":{},"endpoint":"/todo/8","error":400,"ip":"::1","level":"info","message":"error: invalid Parameters ID","method":"DELETE","path_paramters":{"id":"8"},"query_parameters":{},"timestamp":"2024-04-05T14:58:01.275Z"}
{"body":{"todos":123},"endpoint":"/todo","ip":"::1","level":"info","method":"POST","path_paramters":{"0":"todo"},"query_parameters":{},"timestamp":"2024-04-05T15:21:15.844Z"}
{"body":{},"endpoint":"/todo","ip":"::1","level":"info","method":"GET","path_paramters":{"0":"todo"},"query_parameters":{},"timestamp":"2024-04-05T15:21:36.089Z"}
{"body":{"todos":123},"endpoint":"/todo","ip":"::1","level":"info","method":"POST","path_paramters":{"0":"todo"},"query_parameters":{},"timestamp":"2024-04-05T15:22:25.310Z"}
{"body":{"todos":123},"endpoint":"/todo","ip":"::1","level":"info","method":"POST","path_paramters":{"0":"todo"},"query_parameters":{},"timestamp":"2024-04-05T15:22:45.483Z"}
{"body":{"todos":123},"endpoint":"/todo","ip":"::1","level":"info","method":"POST","path_paramters":{"0":"todo"},"query_parameters":{},"timestamp":"2024-04-05T15:33:22.180Z"}
{"body":{"todos":123},"endpoint":"/todo","ip":"::1","level":"info","method":"POST","path_paramters":{"0":"todo"},"query_parameters":{},"timestamp":"2024-04-05T15:34:42.386Z"}
{"body":{"todos":"a"},"endpoint":"/todo","ip":"::1","level":"info","method":"POST","path_paramters":{"0":"todo"},"query_parameters":{},"timestamp":"2024-04-05T15:56:19.511Z"}
{"body":{"todos":"a"},"endpoint":"/todo","ip":"::1","level":"info","method":"POST","path_paramters":{"0":"todo"},"query_parameters":{},"timestamp":"2024-04-05T15:56:22.989Z"}
{"body":["a"],"endpoint":"/todo","ip":"::1","level":"info","method":"POST","path_paramters":{"0":"todo"},"query_parameters":{},"timestamp":"2024-04-05T17:17:27.188Z"}
{"body":{},"endpoint":"/todo","ip":"::1","level":"info","method":"GET","path_paramters":{"0":"todo"},"query_parameters":{},"timestamp":"2024-04-05T17:17:34.087Z"}
{"body":["a"],"endpoint":"/todo","ip":"::1","level":"info","method":"POST","path_paramters":{"0":"todo"},"query_parameters":{},"timestamp":"2024-04-05T17:18:15.715Z"}
{"body":{},"endpoint":"/todo","ip":"::1","level":"info","method":"GET","path_paramters":{"0":"todo"},"query_parameters":{},"timestamp":"2024-04-05T17:18:20.007Z"}
{"body":["i"],"endpoint":"/todo","ip":"::1","level":"info","method":"POST","path_paramters":{"0":"todo"},"query_parameters":{},"timestamp":"2024-04-05T17:20:15.763Z"}
{"body":["i"],"endpoint":"/todo","error":400,"ip":"::1","level":"info","message":"Invalid data type","method":"POST","path_paramters":{},"query_parameters":{},"timestamp":"2024-04-05T17:20:15.764Z"}
{"body":["a"],"endpoint":"/todo","ip":"::1","level":"info","method":"POST","path_paramters":{"0":"todo"},"query_parameters":{},"timestamp":"2024-04-05T17:22:47.454Z"}
{"body":{},"endpoint":"/todo","ip":"::1","level":"info","method":"GET","path_paramters":{"0":"todo"},"query_parameters":{},"timestamp":"2024-04-05T17:22:58.878Z"}
{"body":["i"],"endpoint":"/todo","ip":"::1","level":"info","method":"POST","path_paramters":{"0":"todo"},"query_parameters":{},"timestamp":"2024-04-05T17:23:41.653Z"}
{"body":["i"],"endpoint":"/todo","error":400,"ip":"::1","level":"info","message":"Invalid data type","method":"POST","path_paramters":{},"query_parameters":{},"timestamp":"2024-04-05T17:23:41.653Z"}
{"body":{"i":123},"endpoint":"/todo","ip":"::1","level":"info","method":"POST","path_paramters":{"0":"todo"},"query_parameters":{},"timestamp":"2024-04-05T17:24:53.866Z"}
{"body":["a"],"endpoint":"/todo","ip":"::1","level":"info","method":"POST","path_paramters":{"0":"todo"},"query_parameters":{},"timestamp":"2024-04-05T17:25:32.587Z"}
{"body":{},"endpoint":"/todo","ip":"::1","level":"info","method":"GET","path_paramters":{"0":"todo"},"query_parameters":{},"timestamp":"2024-04-05T17:25:42.833Z"}
{"body":{},"endpoint":"/todo/1","ip":"::1","level":"info","method":"DELETE","path_paramters":{"0":"todo/1"},"query_parameters":{},"timestamp":"2024-04-05T17:26:55.528Z"}
{"body":{},"endpoint":"/todo/1","ip":"::1","level":"info","method":"DELETE","path_paramters":{"0":"todo/1"},"query_parameters":{},"timestamp":"2024-04-05T17:27:02.169Z"}
{"body":{},"endpoint":"/todo/1","ip":"::1","level":"info","method":"GET","path_paramters":{"0":"todo/1"},"query_parameters":{},"timestamp":"2024-04-05T17:27:10.189Z"}
{"body":{},"endpoint":"/todo/","ip":"::1","level":"info","method":"GET","path_paramters":{"0":"todo/"},"query_parameters":{},"timestamp":"2024-04-05T17:27:17.398Z"}
{"body":["a"],"endpoint":"/todo","ip":"::1","level":"info","method":"POST","path_paramters":{"0":"todo"},"query_parameters":{},"timestamp":"2024-04-05T17:34:49.126Z"}
{"body":["i"],"endpoint":"/todo","ip":"::1","level":"info","method":"POST","path_paramters":{"0":"todo"},"query_parameters":{},"timestamp":"2024-04-05T17:35:10.425Z"}
{"body":["i"],"endpoint":"/todo","error":400,"ip":"::1","level":"info","message":"Invalid data type","method":"POST","path_paramters":{},"query_parameters":{},"timestamp":"2024-04-05T17:35:10.426Z"}
{"body":{"list":[{"todo":"wash car"},{"todo":"buy groceries"},{"todo":"wash laundry"},{"todo":"clean house"},{"todo":"rake leaves"},{"todo":"cut grass"},{"todo":"meal prep"},{"todo":"check on Nephew"}]},"endpoint":"/todo","ip":"::1","level":"info","method":"POST","path_paramters":{"0":"todo"},"query_parameters":{},"timestamp":"2024-04-06T03:07:08.257Z"}
{"body":{"list":[{"todo":"wash car"},{"todo":"buy groceries"},{"todo":"wash laundry"},{"todo":"clean house"},{"todo":"rake leaves"},{"todo":"cut grass"},{"todo":"meal prep"},{"todo":"check on Nephew"}]},"endpoint":"/todo","ip":"::1","level":"info","method":"POST","path_paramters":{"0":"todo"},"query_parameters":{},"timestamp":"2024-04-06T03:07:11.365Z"}
{"body":{"list":[{"todo":"wash car"},{"todo":"buy groceries"},{"todo":"wash laundry"},{"todo":"clean house"},{"todo":"rake leaves"},{"todo":"cut grass"},{"todo":"meal prep"},{"todo":"check on Nephew"}]},"endpoint":"/todo","ip":"::1","level":"info","method":"POST","path_paramters":{"0":"todo"},"query_parameters":{},"timestamp":"2024-04-06T03:07:28.086Z"}
{"body":{"list":[{"todo":"wash car"},{"todo":"buy groceries"},{"todo":"wash laundry"},{"todo":"clean house"},{"todo":"rake leaves"},{"todo":"cut grass"},{"todo":"meal prep"},{"todo":"check on Nephew"}]},"endpoint":"/todo","ip":"::1","level":"info","method":"POST","path_paramters":{"0":"todo"},"query_parameters":{},"timestamp":"2024-04-06T03:09:16.172Z"}
{"body":{},"endpoint":"/todo","ip":"::1","level":"info","method":"GET","path_paramters":{"0":"todo"},"query_parameters":{},"timestamp":"2024-04-06T03:09:24.905Z"}
{"body":{},"endpoint":"/todo","ip":"::1","level":"info","method":"GET","path_paramters":{"0":"todo"},"query_parameters":{},"timestamp":"2024-04-06T03:10:41.057Z"}
{"body":{},"endpoint":"/todo/1","ip":"::1","level":"info","method":"GET","path_paramters":{"0":"todo/1"},"query_parameters":{},"timestamp":"2024-04-06T03:13:09.664Z"}
{"body":{},"endpoint":"/todo","ip":"::1","level":"info","method":"GET","path_paramters":{"0":"todo"},"query_parameters":{},"timestamp":"2024-04-06T03:14:19.480Z"}
{"body":{},"endpoint":"/todo/2","ip":"::1","level":"info","method":"GET","path_paramters":{"0":"todo/2"},"query_parameters":{},"timestamp":"2024-04-06T03:14:26.947Z"}
{"body":{},"endpoint":"/todo/2","ip":"::1","level":"info","method":"GET","path_paramters":{"0":"todo/2"},"query_parameters":{},"timestamp":"2024-04-06T03:15:21.876Z"}
{"body":{},"endpoint":"/todo/2","ip":"::1","level":"info","method":"GET","path_paramters":{"0":"todo/2"},"query_parameters":{},"timestamp":"2024-04-06T03:16:06.342Z"}
{"body":{},"endpoint":"/todo/2","ip":"::1","level":"info","method":"GET","path_paramters":{"0":"todo/2"},"query_parameters":{},"timestamp":"2024-04-06T03:17:39.218Z"}
{"body":{},"endpoint":"/todo/%7Bid%7D","error":400,"ip":"::1","level":"info","message":"error: invalid Parameters","method":"DELETE","path_paramters":{"id":"{id}"},"query_parameters":{},"timestamp":"2024-04-07T22:24:05.306Z"}
{"body":{"list":[{"todo":"wash car"},{"todo":"buy groceries"},{"todo":"wash laundry"},{"todo":"clean house"},{"todo":"rake leaves"},{"todo":"cut grass"},{"todo":"meal prep"},{"todo":"check on Nephew"}]},"endpoint":"/todo","error":400,"ip":"::1","level":"info","message":"incorrect characters","method":"POST","path_paramters":{},"query_parameters":{},"timestamp":"2024-04-07T22:36:30.227Z"}
{"body":{"list":[{"todo":"wash car"},{"todo":"buy groceries"},{"todo":"wash laundry"},{"todo":"clean house"},{"todo":"rake leaves"},{"todo":"cut grass"},{"todo":"meal prep"},{"todo":"check on Nephew"}]},"endpoint":"/todo","error":400,"ip":"::1","level":"info","message":"incorrect characters","method":"POST","path_paramters":{},"query_parameters":{},"timestamp":"2024-04-07T22:48:21.163Z"}
{"body":{"list":[{"todo":"wash car"},{"todo":"buy groceries"},{"todo":"wash laundry"},{"todo":"clean house"},{"todo":"rake leaves"},{"todo":"cut grass"},{"todo":"meal prep"},{"todo":"check on Nephew"}]},"endpoint":"/todo","error":400,"ip":"::1","level":"info","message":"incorrect characters","method":"POST","path_paramters":{},"query_parameters":{},"timestamp":"2024-04-07T22:55:25.681Z"}
{"body":{"list":[{"todo":"wash car"},{"todo":"buy groceries"},{"todo":"wash laundry"},{"todo":"clean house"},{"todo":"rake leaves"},{"todo":"cut grass"},{"todo":"meal prep"},{"todo":"check on Nephew"}]},"endpoint":"/todo","error":400,"ip":"::1","level":"info","message":"incorrect characters","method":"POST","path_paramters":{},"query_parameters":{},"timestamp":"2024-04-07T23:13:55.377Z"}
{"body":{"list":[{"todo":"wash car"},{"todo":"buy groceries"},{"todo":"wash laundry"},{"todo":"clean house"},{"todo":"rake leaves"},{"todo":"cut grass"},{"todo":"meal prep"},{"todo":"check on Nephew"}]},"endpoint":"/todo","error":400,"ip":"::1","level":"info","message":"incorrect characters","method":"POST","path_paramters":{},"query_parameters":{},"timestamp":"2024-04-08T02:24:31.589Z"}
{"body":{"list":[{"todo":"wash car"},{"todo":"buy groceries"},{"todo":"wash laundry"},{"todo":"clean house"},{"todo":"rake leaves"},{"todo":"cut grass"},{"todo":"meal prep"},{"todo":"check on Nephew"}]},"endpoint":"/todo","error":400,"ip":"::1","level":"info","message":"incorrect characters","method":"POST","path_paramters":{},"query_parameters":{},"timestamp":"2024-04-08T02:24:48.912Z"}
{"body":{},"endpoint":"/todo/1","error":400,"ip":"::1","level":"info","message":"error: Invalid input","method":"PUT","path_paramters":{"id":"1"},"query_parameters":{},"timestamp":"2024-04-08T02:26:01.086Z"}
{"body":{},"endpoint":"/todo/2","error":400,"ip":"::1","level":"info","message":"error: Invalid input","method":"PUT","path_paramters":{"id":"2"},"query_parameters":{},"timestamp":"2024-04-08T02:26:15.363Z"}
{"body":{"todo":"wash the car"},"endpoint":"/todo","ip":"::1","level":"info","method":"POST","path_paramters":{"0":"todo"},"query_parameters":{},"timestamp":"2024-04-10T22:08:43.240Z"}
{"body":{},"endpoint":"/todo","ip":"::1","level":"info","method":"GET","path_paramters":{"0":"todo"},"query_parameters":{},"timestamp":"2024-04-10T22:09:11.221Z"}
{"body":{"todo":"cook dinner"},"endpoint":"/todo","ip":"::1","level":"info","method":"POST","path_paramters":{"0":"todo"},"query_parameters":{},"timestamp":"2024-04-10T22:09:44.098Z"}
{"body":{},"endpoint":"/todo","ip":"::1","level":"info","method":"GET","path_paramters":{"0":"todo"},"query_parameters":{},"timestamp":"2024-04-10T22:09:53.756Z"}
{"body":{"todo":"eat supper"},"endpoint":"/todo","ip":"::1","level":"info","method":"POST","path_paramters":{"0":"todo"},"query_parameters":{},"timestamp":"2024-04-10T22:11:35.900Z"}
{"body":{},"endpoint":"/todo","ip":"::1","level":"info","method":"GET","path_paramters":{"0":"todo"},"query_parameters":{},"timestamp":"2024-04-10T22:11:49.668Z"}
{"body":{"todo":"supper"},"endpoint":"/todo","ip":"::1","level":"info","method":"POST","path_paramters":{"0":"todo"},"query_parameters":{},"timestamp":"2024-04-10T22:11:57.912Z"}
{"body":{},"endpoint":"/todo","ip":"::1","level":"info","method":"GET","path_paramters":{"0":"todo"},"query_parameters":{},"timestamp":"2024-04-10T22:12:02.620Z"}
{"body":{"todo":"dish"},"endpoint":"/todo","ip":"::1","level":"info","method":"POST","path_paramters":{"0":"todo"},"query_parameters":{},"timestamp":"2024-04-10T22:12:49.558Z"}
{"body":{},"endpoint":"/todo","ip":"::1","level":"info","method":"GET","path_paramters":{"0":"todo"},"query_parameters":{},"timestamp":"2024-04-10T22:12:58.476Z"}
{"body":{},"endpoint":"/todo/1","ip":"::1","level":"info","method":"GET","path_paramters":{"0":"todo/1"},"query_parameters":{},"timestamp":"2024-04-10T23:33:19.735Z"}
{"body":{"completed":false,"todos":"cut the grass"},"endpoint":"/todo","ip":"::1","level":"info","method":"POST","path_paramters":{"0":"todo"},"query_parameters":{},"timestamp":"2024-04-10T23:38:24.327Z"}
{"body":{},"endpoint":"/todo/","ip":"::1","level":"info","method":"GET","path_paramters":{"0":"todo/"},"query_parameters":{},"timestamp":"2024-04-10T23:38:34.587Z"}
{"body":{"completed":false,"todo":"cut the grass"},"endpoint":"/todo","ip":"::1","level":"info","method":"POST","path_paramters":{"0":"todo"},"query_parameters":{},"timestamp":"2024-04-10T23:39:06.673Z"}
{"body":{},"endpoint":"/todo/","ip":"::1","level":"info","method":"GET","path_paramters":{"0":"todo/"},"query_parameters":{},"timestamp":"2024-04-10T23:39:14.436Z"}
{"body":{},"endpoint":"/todo/","ip":"::1","level":"info","method":"GET","path_paramters":{"0":"todo/"},"query_parameters":{},"timestamp":"2024-04-10T23:42:00.330Z"}
{"body":{"completed":false,"todo":"cut the grass"},"endpoint":"/todo","ip":"::1","level":"info","method":"POST","path_paramters":{"0":"todo"},"query_parameters":{},"timestamp":"2024-04-10T23:43:10.392Z"}
{"body":{"completed":false,"todo":"eat dinner"},"endpoint":"/todo","ip":"::1","level":"info","method":"POST","path_paramters":{"0":"todo"},"query_parameters":{},"timestamp":"2024-04-10T23:43:21.688Z"}
{"body":{"completed":false,"todo":"give dog a bath"},"endpoint":"/todo","ip":"::1","level":"info","method":"POST","path_paramters":{"0":"todo"},"query_parameters":{},"timestamp":"2024-04-10T23:43:40.679Z"}
{"body":{"completed":false,"todo":"laundry"},"endpoint":"/todo","ip":"::1","level":"info","method":"POST","path_paramters":{"0":"todo"},"query_parameters":{},"timestamp":"2024-04-10T23:43:55.302Z"}
{"body":{"completed":false,"todo":"clean room"},"endpoint":"/todo","ip":"::1","level":"info","method":"POST","path_paramters":{"0":"todo"},"query_parameters":{},"timestamp":"2024-04-10T23:44:22.976Z"}
{"body":{},"endpoint":"/todo/","ip":"::1","level":"info","method":"GET","path_paramters":{"0":"todo/"},"query_parameters":{},"timestamp":"2024-04-10T23:44:28.652Z"}
{"body":{"completed":true},"endpoint":"/todo/2","ip":"::1","level":"info","method":"PUT","path_paramters":{"0":"todo/2"},"query_parameters":{},"timestamp":"2024-04-10T23:46:21.162Z"}
{"body":{},"endpoint":"/todo/","ip":"::1","level":"info","method":"GET","path_paramters":{"0":"todo/"},"query_parameters":{},"timestamp":"2024-04-10T23:46:29.103Z"}
{"body":{"completed":false,"todo":"clean room"},"endpoint":"/todo","ip":"::1","level":"info","method":"POST","path_paramters":{"0":"todo"},"query_parameters":{},"timestamp":"2024-04-10T23:46:41.119Z"}
{"body":{"completed":false,"todo":"clean room"},"endpoint":"/todo","ip":"::1","level":"info","method":"POST","path_paramters":{"0":"todo"},"query_parameters":{},"timestamp":"2024-04-10T23:46:42.832Z"}
{"body":{"completed":false,"todo":"clean room"},"endpoint":"/todo","ip":"::1","level":"info","method":"POST","path_paramters":{"0":"todo"},"query_parameters":{},"timestamp":"2024-04-10T23:46:43.310Z"}
{"body":{},"endpoint":"/todo/","ip":"::1","level":"info","method":"GET","path_paramters":{"0":"todo/"},"query_parameters":{},"timestamp":"2024-04-10T23:46:48.762Z"}
{"body":{"completed":true},"endpoint":"/todo/2","ip":"::1","level":"info","method":"PUT","path_paramters":{"0":"todo/2"},"query_parameters":{},"timestamp":"2024-04-10T23:46:54.029Z"}
{"body":{},"endpoint":"/todo/","ip":"::1","level":"info","method":"GET","path_paramters":{"0":"todo/"},"query_parameters":{},"timestamp":"2024-04-10T23:46:58.757Z"}
